** Message: environement.vala:58: Exporting primary_variable
** Message: environement.vala:59: desktop_environnement XDG_CURRENT_DESKTOP
** Message: environement.vala:149: confir_dirs is null, export : /etc/xdg
** Message: environement.vala:183: Exporting XDG_CONFIG_DIRS
** Message: environement.vala:217: custom_data :
** Message: environement.vala:218: data_dirs :/usr/local/share:/usr/share/raspi-ui-overrides:/usr/share:/usr/share/gdm:/var/lib/menu-xdg
** Message: environement.vala:219: data_dirs not null, export : /usr/local/share:/usr/share/raspi-ui-overrides:/usr/share:/usr/share/gdm:/var/lib/menu-xdg
** Message: environement.vala:224: Exporting XDG_DATA_DIRS
** Message: utils.vala:68: User config used : /home/pi/.config/lxsession/LXDE-pi/desktop.conf
** Message: utils.vala:89: Final file used : /home/pi/.config/lxsession/LXDE-pi/desktop.conf
** Message: settings.vala:527: Key file does not have key 'iGtk/ColorScheme'
** Message: settings.vala:527: Key file does not have key 'windows_manager/command'
** Message: settings.vala:527: Key file does not have key 'panel/command'
** Message: settings.vala:527: Key file does not have key 'dock/command'
** Message: settings.vala:527: Key file does not have key 'file_manager/command'
** Message: settings.vala:527: Key file does not have key 'desktop_manager/command'
** Message: settings.vala:527: Key file does not have key 'launcher_manager/autostart'
** Message: settings.vala:527: Key file does not have key 'composite_manager/command'
** Message: settings.vala:527: Key file does not have key 'im1/command'
** Message: settings.vala:527: Key file does not have key 'im2/command'
** Message: settings.vala:527: Key file does not have key 'widget1/command'
** Message: settings.vala:527: Key file does not have key 'notification/command'
** Message: settings.vala:527: Key file does not have key 'keybindings/command'
** Message: settings.vala:527: Key file does not have key 'screensaver/command'
** Message: settings.vala:527: Key file does not have key 'power_manager/command'
** Message: settings.vala:527: Key file does not have key 'audio_manager/command'
** Message: settings.vala:527: Key file does not have key 'workspace_manager/command'
** Message: settings.vala:527: Key file does not have key 'screenshot_manager/command'
** Message: settings.vala:527: Key file does not have key 'message_manager/command'
** Message: settings.vala:527: Key file does not have key 'upgrade_manager/command'
** Message: settings.vala:527: Key file does not have key 'upstart_user_session'
** Message: settings.vala:527: Key file does not have key 'proxy_manager/http'
** Message: settings.vala:527: Key file does not have key 'a11y/command'
** Message: settings.vala:527: Key file does not have key 'xrandr/command'
** Message: settings.vala:527: Key file does not have key 'network_gui/command'
** Message: settings.vala:527: Key file does not have key 'webbrowser/command'
** Message: settings.vala:527: Key file does not have key 'email/command'
** Message: settings.vala:527: Key file does not have key 'pdf_reader/command'
** Message: settings.vala:527: Key file does not have key 'video_player/command'
** Message: settings.vala:527: Key file does not have key 'audio_player/command'
** Message: settings.vala:527: Key file does not have key 'images_display/command'
** Message: settings.vala:527: Key file does not have key 'text_editor/command'
** Message: settings.vala:527: Key file does not have key 'archive/command'
** Message: settings.vala:527: Key file does not have key 'charmap/command'
** Message: settings.vala:527: Key file does not have key 'calculator/command'
** Message: settings.vala:527: Key file does not have key 'spreadsheet/command'
** Message: settings.vala:527: Key file does not have key 'bittorent/command'
** Message: settings.vala:527: Key file does not have key 'document/command'
** Message: settings.vala:527: Key file does not have key 'webcam/command'
** Message: settings.vala:527: Key file does not have key 'burn/command'
** Message: settings.vala:527: Key file does not have key 'notes/command'
** Message: settings.vala:527: Key file does not have key 'disk_utility/command'
** Message: settings.vala:527: Key file does not have key 'tasks/command'
** Message: settings.vala:527: Key file does not have key 'model'
** Message: settings.vala:527: Key file does not have key 'laptop_mode'
** Message: settings.vala:527: Key file does not have key 'gnome'
** Message: settings.vala:527: Key file does not have group 'Updates'
** Message: settings.vala:527: Key file does not have key 'type'
** Message: settings.vala:449: Monitoring: /home/pi/.config/lxsession/LXDE-pi/desktop.conf
** Message: settings.vala:453: Desktop file is already in config home, do nothing
** Message: environement.vala:79: Exporting variable
** Message: environement.vala:80: desktop_environnement XDG_CURRENT_DESKTOP
** Message: environement.vala:176: custom_config :
** Message: environement.vala:177: config_dirs :/etc/xdg
** Message: environement.vala:178: confir_dirs not null, export : /etc/xdg
** Message: environement.vala:183: Exporting XDG_CONFIG_DIRS
** Message: environement.vala:217: custom_data :
** Message: environement.vala:218: data_dirs :/usr/local/share:/usr/share/raspi-ui-overrides:/usr/share:/usr/share/gdm:/var/lib/menu-xdg
** Message: environement.vala:219: data_dirs not null, export : /usr/local/share:/usr/share/raspi-ui-overrides:/usr/share:/usr/share/gdm:/var/lib/menu-xdg
** Message: environement.vala:224: Exporting XDG_DATA_DIRS
** Message: utils.vala:79: Config system location : /etc/xdg/lxsession/LXDE-pi
** Message: utils.vala:85: System system path location : /etc/xdg/lxsession/LXDE-pi/conffiles.conf
** Message: utils.vala:89: Final file used : /etc/xdg/lxsession/LXDE-pi/conffiles.conf
** Message: options.vala:164: Activate xsettings_manager build-in
** Message: utils.vala:68: User config used : /home/pi/.config/lxsession/LXDE-pi/desktop.conf
** Message: utils.vala:89: Final file used : /home/pi/.config/lxsession/LXDE-pi/desktop.conf
xprop:  no such property "_NET_NUMBER_OF_DESKTOPS"
xprop:  no such property "_NET_DESKTOP_NAMES"
** Message: app.vala:717: polkit separate
** Message: app.vala:717: polkit separate
** Message: app.vala:76: Launching lxpolkit 
** Message: utils.vala:68: User config used : /home/pi/.config/lxsession/LXDE-pi/autostart
** Message: utils.vala:89: Final file used : /home/pi/.config/lxsession/LXDE-pi/autostart
** Message: autostart.vala:42: Autostart path : /home/pi/.config/lxsession/LXDE-pi/autostart
** Message: app.vala:76: Launching lxpanel 
** Message: app.vala:76: Launching pcmanfm 

** (lxsession:655): WARNING **: app.vala:86: Failed to execute child process "xscreensaver" (No such file or directory)

** (lxsession:655): WARNING **: app.vala:87: Error when launching xscreensaver
** Message: options.vala:107: Create build-in Clipboard
** Message: main.vala:429: Check keymap_mode user
** Message: main.vala:432: Create Option Keymap
** Message: options.vala:80: Show keymap variant : 
** Message: options.vala:87: Show keymap options : 
** Message: options.vala:93: Keymap options - return user command setxkbmap -layout us -variant  -options  
** Message: options.vala:44: Options - Launch command setxkbmap -layout us -variant  -options  
Error!   Option "-options" not recognized
** Message: app.vala:76: Launching /usr/bin/ssh-agent 
SSH_AUTH_SOCK=/tmp/ssh-ihg6IrMZjI98/agent.714; export SSH_AUTH_SOCK;
SSH_AGENT_PID=717; export SSH_AGENT_PID;
echo Agent pid 717;
lxkeymap found
Obt-Message: Xinerama extension is not present on the server
** Message: app.vala:130: /usr/bin/ssh-agent exit with this type of exit: 0
Openbox-Message: Unable to find a valid menu file "/usr/share/lxde/openbox/menu.xml"
** Message: x-terminal-emulator has very limited support, consider choose another terminal
** Message: x-terminal-emulator has very limited support, consider choose another terminal

(lxpanel:709): Gtk-CRITICAL **: IA__gtk_misc_set_alignment: assertion 'GTK_IS_MISC (misc)' failed

(lxpanel:709): Gtk-CRITICAL **: IA__gtk_misc_set_alignment: assertion 'GTK_IS_MISC (misc)' failed
/usr/lib/python2.7/dist-packages/lxkeymap/helpers.py:46: GtkWarning: Unknown property: GtkMenu.ubuntu-local
  builder.add_from_file(ui_filename)
** Message: Connecting ...
** Message: Status changed to down

(lxpanel:709): Gtk-CRITICAL **: IA__gtk_dialog_response: assertion 'GTK_IS_DIALOG (dialog)' failed
** Message: Status changed to opened
** Message: Connected to dhcpcd-6.7.1
** Message: Status changed to connecting
** Message: eth0: Link is down
** Message: wlan0: Associated with BeeLab
** Message: wlan0: Received scan results
/usr/lib/python2.7/dist-packages/lxkeymap/helpers.py:46: GtkWarning: GtkAlignment does not have a property called expand
  builder.add_from_file(ui_filename)
/usr/lib/python2.7/dist-packages/lxkeymap/helpers.py:46: GtkWarning: GtkAlignment does not have a property called fill
  builder.add_from_file(ui_filename)
/usr/lib/python2.7/dist-packages/lxkeymap/helpers.py:46: GtkWarning: GtkAlignment does not have a property called position
  builder.add_from_file(ui_filename)
Sections: ['Global']
Layouts: ['gb']
Variants: ['']
Options: []
['Global']
Lxkeymap autostart running...
** Message: wlan0: Expired
** Message: wlan0: Configured 169.254.157.20/16
** Message: Status changed to connected
** Message: wlan0: Configured 192.168.1.106/24

(lxpanel:709): Gtk-CRITICAL **: IA__gtk_misc_set_alignment: assertion 'GTK_IS_MISC (misc)' failed
** Message: wlan0: Received scan results
** Message: wlan0: Received scan results
** Message: wlan0: Received scan results

** (epiphany-browser:1113): WARNING **: Error retrieving accessibility bus address: org.freedesktop.DBus.Error.ServiceUnknown: The name org.a11y.Bus was not provided by any .service files

(lxpanel:709): Gtk-CRITICAL **: IA__gtk_misc_set_alignment: assertion 'GTK_IS_MISC (misc)' failed
** Message: Remote error from secret service: org.freedesktop.DBus.Error.ServiceUnknown: The name org.freedesktop.secrets was not provided by any .service files

** (epiphany-browser:1113): WARNING **: Error caching form data: The name org.freedesktop.secrets was not provided by any .service files
** Message: wlan0: Received scan results
** Message: console message:  @0: Blocked a frame with origin "https://plus.google.com" from accessing a frame with origin "https://mail.google.com". Protocols, domains, and ports must match.

** Message: console message:  @0: Blocked a frame with origin "https://hangouts.google.com" from accessing a frame with origin "https://mail.google.com". Protocols, domains, and ports must match.

** Message: wlan0: Received scan results
** Message: wlan0: Received scan results
** Message: wlan0: Received scan results
** Message: wlan0: Received scan results
** Message: console message:  @0: Blocked a frame with origin "https://apis.google.com" from accessing a frame with origin "https://mail.google.com". Protocols, domains, and ports must match.

** Message: wlan0: Received scan results

(lxpanel:709): Gtk-CRITICAL **: IA__gtk_misc_set_alignment: assertion 'GTK_IS_MISC (misc)' failed

Welcome to fdisk (util-linux 2.25.2).
Changes will remain in memory only, until you decide to write them.
Be careful before using the write command.


Command (m for help): Disk /dev/mmcblk0: 7.4 GiB, 7948206080 bytes, 15523840 sectors
Units: sectors of 1 * 512 = 512 bytes
Sector size (logical/physical): 512 bytes / 512 bytes
I/O size (minimum/optimal): 512 bytes / 512 bytes
Disklabel type: dos
Disk identifier: 0x8f1eafaf

Device         Boot  Start      End  Sectors  Size Id Type
/dev/mmcblk0p1        8192   131071   122880   60M  c W95 FAT32 (LBA)
/dev/mmcblk0p2      131072 15523839 15392768  7.3G 83 Linux


Command (m for help): Partition number (1,2, default 2): 
Partition 2 has been deleted.

Command (m for help): Partition type
   p   primary (1 primary, 0 extended, 3 free)
   e   extended (container for logical partitions)
Select (default p): Partition number (2-4, default 2): First sector (2048-15523839, default 2048): Last sector, +sectors or +size{K,M,G,T,P} (131072-15523839, default 15523839): 
Created a new partition 2 of type 'Linux' and of size 7.3 GiB.

Command (m for help): Disk /dev/mmcblk0: 7.4 GiB, 7948206080 bytes, 15523840 sectors
Units: sectors of 1 * 512 = 512 bytes
Sector size (logical/physical): 512 bytes / 512 bytes
I/O size (minimum/optimal): 512 bytes / 512 bytes
Disklabel type: dos
Disk identifier: 0x8f1eafaf

Device         Boot  Start      End  Sectors  Size Id Type
/dev/mmcblk0p1        8192   131071   122880   60M  c W95 FAT32 (LBA)
/dev/mmcblk0p2      131072 15523839 15392768  7.3G 83 Linux


Command (m for help): Re-reading the partition table failed.: Device or resource busy
The partition table has been altered.
Calling ioctl() to re-read partition table.

The kernel still uses the old table. The new table will be used at the next reboot or after you run partprobe(8) or kpartx(8).


(lxpanel:709): Gtk-CRITICAL **: IA__gtk_misc_set_alignment: assertion 'GTK_IS_MISC (misc)' failed

(lxpanel:709): Gtk-CRITICAL **: IA__gtk_misc_set_alignment: assertion 'GTK_IS_MISC (misc)' failed
** Message: wlan0: Received scan results
** Message: wlan0: Received scan results
** Message: wlan0: Received scan results
** Message: wlan0: Received scan results
** Message: wlan0: Received scan results
** Message: wlan0: Received scan results
** Message: wlan0: Received scan results
** Message: wlan0: Received scan results
** Message: wlan0: Received scan results
** Message: wlan0: Received scan results
** Message: wlan0: Received scan results
** Message: wlan0: Received scan results
** Message: wlan0: Received scan results
** Message: wlan0: Received scan results
** Message: wlan0: Received scan results

(lxpanel:709): Gtk-CRITICAL **: IA__gtk_misc_set_alignment: assertion 'GTK_IS_MISC (misc)' failed

(pcmanfm:710): Gtk-WARNING **: Radio group does not contain an action with value '0'

(pcmanfm:710): Gtk-WARNING **: Radio group does not contain an action with value '0'

(pcmanfm:710): Gtk-WARNING **: Radio group does not contain an action with value '0'
** Message: wlan0: Received scan results

(pcmanfm:710): Gtk-WARNING **: Radio group does not contain an action with value '0'

(pcmanfm:710): Gtk-WARNING **: Radio group does not contain an action with value '0'

(lxpanel:709): Gtk-CRITICAL **: IA__gtk_misc_set_alignment: assertion 'GTK_IS_MISC (misc)' failed

(pcmanfm:710): Gtk-WARNING **: Radio group does not contain an action with value '0'

(pcmanfm:710): Gtk-WARNING **: Radio group does not contain an action with value '0'

(lxpanel:709): Gtk-CRITICAL **: IA__gtk_misc_set_alignment: assertion 'GTK_IS_MISC (misc)' failed

(lxpanel:709): Gtk-CRITICAL **: IA__gtk_misc_set_alignment: assertion 'GTK_IS_MISC (misc)' failed
** Message: wlan0: Received scan results

(pcmanfm:710): Gtk-WARNING **: Radio group does not contain an action with value '0'

(pcmanfm:710): Gtk-WARNING **: Radio group does not contain an action with value '0'

(pcmanfm:710): Gtk-WARNING **: Radio group does not contain an action with value '0'

(pcmanfm:710): Gtk-WARNING **: Radio group does not contain an action with value '0'

(lxpanel:709): Gtk-CRITICAL **: IA__gtk_misc_set_alignment: assertion 'GTK_IS_MISC (misc)' failed
cat: /proc/0/cmdline: No such file or directory

** (lxpanel:709): WARNING **: ltbp: fgets 'cat /proc/0/cmdline'

(lxpanel:709): Gtk-CRITICAL **: IA__gtk_misc_set_alignment: assertion 'GTK_IS_MISC (misc)' failed
cat: /proc/0/cmdline: No such file or directory

** (lxpanel:709): WARNING **: ltbp: fgets 'cat /proc/0/cmdline'

(pcmanfm:710): Gtk-WARNING **: Radio group does not contain an action with value '0'

(pcmanfm:710): Gtk-WARNING **: Radio group does not contain an action with value '0'

(lxpanel:709): Gtk-CRITICAL **: IA__gtk_misc_set_alignment: assertion 'GTK_IS_MISC (misc)' failed
cat: /proc/0/cmdline: No such file or directory

** (lxpanel:709): WARNING **: ltbp: fgets 'cat /proc/0/cmdline'
** Message: wlan0: Received scan results

(lxpanel:709): Gtk-CRITICAL **: IA__gtk_misc_set_alignment: assertion 'GTK_IS_MISC (misc)' failed

(lxpanel:709): Gtk-CRITICAL **: IA__gtk_misc_set_alignment: assertion 'GTK_IS_MISC (misc)' failed
cat: /proc/0/cmdline: No such file or directory

** (lxpanel:709): WARNING **: ltbp: fgets 'cat /proc/0/cmdline'

(lxpanel:709): Gtk-CRITICAL **: IA__gtk_misc_set_alignment: assertion 'GTK_IS_MISC (misc)' failed

(lxpanel:709): Gtk-CRITICAL **: IA__gtk_misc_set_alignment: assertion 'GTK_IS_MISC (misc)' failed

(lxpanel:709): Gtk-CRITICAL **: IA__gtk_misc_set_alignment: assertion 'GTK_IS_MISC (misc)' failed

(lxpanel:709): Gtk-CRITICAL **: IA__gtk_misc_set_alignment: assertion 'GTK_IS_MISC (misc)' failed

(lxpanel:709): Gtk-CRITICAL **: IA__gtk_misc_set_alignment: assertion 'GTK_IS_MISC (misc)' failed
** Message: wlan0: Received scan results

(openbox:704): GLib-CRITICAL **: Source ID 18 was not found when attempting to remove it

(lxpanel:709): Gtk-CRITICAL **: IA__gtk_misc_set_alignment: assertion 'GTK_IS_MISC (misc)' failed

(lxpanel:709): Gtk-CRITICAL **: IA__gtk_misc_set_alignment: assertion 'GTK_IS_MISC (misc)' failed

** (lxpanel:709): WARNING **: lxpanel : X error: BadWindow (invalid Window parameter)

(lxpanel:709): Gtk-CRITICAL **: IA__gtk_misc_set_alignment: assertion 'GTK_IS_MISC (misc)' failed
cat: /proc/0/cmdline: No such file or directory

** (lxpanel:709): WARNING **: ltbp: fgets 'cat /proc/0/cmdline'

(lxpanel:709): Gtk-CRITICAL **: IA__gtk_misc_set_alignment: assertion 'GTK_IS_MISC (misc)' failed
cat: /proc/0/cmdline: No such file or directory

** (lxpanel:709): WARNING **: ltbp: fgets 'cat /proc/0/cmdline'

(lxpanel:709): Gtk-CRITICAL **: IA__gtk_misc_set_alignment: assertion 'GTK_IS_MISC (misc)' failed
cat: /proc/0/cmdline: No such file or directory

** (lxpanel:709): WARNING **: ltbp: fgets 'cat /proc/0/cmdline'
** Message: wlan0: Received scan results

(lxpanel:709): Gtk-CRITICAL **: IA__gtk_misc_set_alignment: assertion 'GTK_IS_MISC (misc)' failed
cat: /proc/0/cmdline: No such file or directory

** (lxpanel:709): WARNING **: ltbp: fgets 'cat /proc/0/cmdline'

(lxpanel:709): Gtk-CRITICAL **: IA__gtk_misc_set_alignment: assertion 'GTK_IS_MISC (misc)' failed
cat: /proc/0/cmdline: No such file or directory

** (lxpanel:709): WARNING **: ltbp: fgets 'cat /proc/0/cmdline'
** Message: wlan0: Received scan results
** Message: wlan0: Received scan results

(pcmanfm:710): Gtk-WARNING **: Radio group does not contain an action with value '0'

(pcmanfm:710): Gtk-WARNING **: Radio group does not contain an action with value '0'

(lxpanel:709): Gtk-CRITICAL **: IA__gtk_misc_set_alignment: assertion 'GTK_IS_MISC (misc)' failed

(lxpanel:709): Gtk-CRITICAL **: IA__gtk_misc_set_alignment: assertion 'GTK_IS_MISC (misc)' failed

(lxpanel:709): Gtk-CRITICAL **: IA__gtk_misc_set_alignment: assertion 'GTK_IS_MISC (misc)' failed
cat: /proc/0/cmdline: No such file or directory

** (lxpanel:709): WARNING **: ltbp: fgets 'cat /proc/0/cmdline'
** Message: wlan0: Received scan results
** Message: wlan0: Received scan results
** Message: wlan0: Received scan results
** Message: wlan0: Received scan results
** Message: wlan0: Received scan results
** Message: wlan0: Received scan results
** Message: wlan0: Received scan results
** Message: wlan0: Received scan results
** Message: wlan0: Received scan results
** Message: wlan0: Received scan results
** Message: wlan0: Received scan results
** Message: wlan0: Received scan results
** Message: wlan0: Received scan results
** Message: wlan0: Received scan results
** Message: wlan0: Received scan results
** Message: wlan0: Received scan results

(openbox:704): GLib-CRITICAL **: Source ID 19 was not found when attempting to remove it
** Message: wlan0: Received scan results
** Message: wlan0: Received scan results
** Message: wlan0: Received scan results

(openbox:704): GLib-CRITICAL **: Source ID 27 was not found when attempting to remove it
** Message: wlan0: Received scan results
** Message: wlan0: Received scan results
** Message: wlan0: Received scan results

(openbox:704): GLib-CRITICAL **: Source ID 28 was not found when attempting to remove it
** Message: wlan0: Received scan results
** Message: wlan0: Received scan results
** Message: wlan0: Received scan results

(pcmanfm:710): Gtk-WARNING **: Radio group does not contain an action with value '0'

(pcmanfm:710): Gtk-WARNING **: Radio group does not contain an action with value '0'

(lxpanel:709): Gtk-CRITICAL **: IA__gtk_misc_set_alignment: assertion 'GTK_IS_MISC (misc)' failed
** Message: wlan0: Received scan results

(pcmanfm:710): Gtk-WARNING **: Radio group does not contain an action with value '0'

(pcmanfm:710): Gtk-WARNING **: Radio group does not contain an action with value '0'

(pcmanfm:710): Gtk-WARNING **: Radio group does not contain an action with value '0'

(pcmanfm:710): Gtk-WARNING **: Radio group does not contain an action with value '0'

(lxpanel:709): Gtk-CRITICAL **: IA__gtk_misc_set_alignment: assertion 'GTK_IS_MISC (misc)' failed

(lxpanel:709): Gtk-CRITICAL **: IA__gtk_misc_set_alignment: assertion 'GTK_IS_MISC (misc)' failed

(lxpanel:709): Gtk-CRITICAL **: IA__gtk_misc_set_alignment: assertion 'GTK_IS_MISC (misc)' failed
cat: /proc/0/cmdline: No such file or directory

** (lxpanel:709): WARNING **: ltbp: fgets 'cat /proc/0/cmdline'
** Message: wlan0: Received scan results

(openbox:704): GLib-CRITICAL **: Source ID 29 was not found when attempting to remove it
** Message: wlan0: Received scan results

(lxpanel:709): Gtk-CRITICAL **: IA__gtk_misc_set_alignment: assertion 'GTK_IS_MISC (misc)' failed

(lxpanel:709): Gtk-CRITICAL **: IA__gtk_misc_set_alignment: assertion 'GTK_IS_MISC (misc)' failed
cat: /proc/0/cmdline: No such file or directory

** (lxpanel:709): WARNING **: ltbp: fgets 'cat /proc/0/cmdline'
** Message: wlan0: Received scan results
** Message: wlan0: Received scan results
** Message: wlan0: Received scan results
** Message: wlan0: Received scan results

(openbox:704): GLib-CRITICAL **: Source ID 34 was not found when attempting to remove it

(lxpanel:709): Gtk-CRITICAL **: IA__gtk_misc_set_alignment: assertion 'GTK_IS_MISC (misc)' failed
** Message: wlan0: Received scan results

(pcmanfm:710): Gtk-WARNING **: Radio group does not contain an action with value '0'

(pcmanfm:710): Gtk-WARNING **: Radio group does not contain an action with value '0'

(lxpanel:709): Gtk-CRITICAL **: IA__gtk_misc_set_alignment: assertion 'GTK_IS_MISC (misc)' failed
** Message: wlan0: Received scan results

(lxpanel:709): Gtk-CRITICAL **: IA__gtk_misc_set_alignment: assertion 'GTK_IS_MISC (misc)' failed

(lxpanel:709): Gtk-CRITICAL **: IA__gtk_misc_set_alignment: assertion 'GTK_IS_MISC (misc)' failed
cat: /proc/0/cmdline: No such file or directory

** (lxpanel:709): WARNING **: ltbp: fgets 'cat /proc/0/cmdline'

(lxpanel:709): Gtk-CRITICAL **: IA__gtk_misc_set_alignment: assertion 'GTK_IS_MISC (misc)' failed
cat: /proc/0/cmdline: No such file or directory

** (lxpanel:709): WARNING **: ltbp: fgets 'cat /proc/0/cmdline'

(lxpanel:709): Gtk-CRITICAL **: IA__gtk_misc_set_alignment: assertion 'GTK_IS_MISC (misc)' failed
cat: /proc/0/cmdline: No such file or directory

** (lxpanel:709): WARNING **: ltbp: fgets 'cat /proc/0/cmdline'

** (lxpanel:709): WARNING **: lxpanel : X error: BadWindow (invalid Window parameter)
** Message: wlan0: Received scan results

(lxpanel:709): Gtk-CRITICAL **: IA__gtk_misc_set_alignment: assertion 'GTK_IS_MISC (misc)' failed
** Message: wlan0: Received scan results
** Message: wlan0: Received scan results
** Message: wlan0: Received scan results
** Message: wlan0: Received scan results
** Message: wlan0: Received scan results
